#
# There is insufficient memory for the Java Runtime Environment to continue.
# Native memory allocation (mmap) failed to map 67108864 bytes for G1 virtual space
# Possible reasons:
#   The system is out of physical RAM or swap space
#   The process is running with CompressedOops enabled, and the Java Heap may be blocking the growth of the native heap
# Possible solutions:
#   Reduce memory load on the system
#   Increase physical memory or swap space
#   Check if swap backing store is full
#   Decrease Java heap size (-Xmx/-Xms)
#   Decrease number of Java threads
#   Decrease Java thread stack sizes (-Xss)
#   Set larger code cache with -XX:ReservedCodeCacheSize=
#   JVM is running with Unscaled Compressed Oops mode in which the Java heap is
#     placed in the first 4GB address space. The Java Heap base address is the
#     maximum limit for the native heap growth. Please use -XX:HeapBaseMinAddress
#     to set the Java Heap base and to place the Java Heap above 4GB virtual address.
# This output file may be truncated or incomplete.
#
#  Out of Memory Error (os_windows.cpp:3548), pid=18928, tid=19136
#
# JRE version:  (17.0.10+11) (build )
# Java VM: Java HotSpot(TM) 64-Bit Server VM (17.0.10+11-LTS-240, mixed mode, sharing, tiered, compressed oops, compressed class ptrs, g1 gc, windows-amd64)
# No core dump will be written. Minidumps are not enabled by default on client versions of Windows
#

---------------  S U M M A R Y ------------

Command Line: -XX:+ShowCodeDetailsInExceptionMessages Deposit

Host: Intel(R) Core(TM) i3-5005U CPU @ 2.00GHz, 4 cores, 3G,  Windows 10 , 64 bit Build 19041 (10.0.19041.3636)
Time: Tue Feb 13 19:19:22 2024 Bangladesh Standard Time elapsed time: 0.033789 seconds (0d 0h 0m 0s)

---------------  T H R E A D  ---------------

Current thread (0x0000022d37384c70):  JavaThread "Unknown thread" [_thread_in_vm, id=19136, stack(0x00000062b9300000,0x00000062b9400000)]

Stack: [0x00000062b9300000,0x00000062b9400000]
Native frames: (J=compiled Java code, j=interpreted, Vv=VM code, C=native code)
V  [jvm.dll+0x677a5a]
V  [jvm.dll+0x7d8b2d]
V  [jvm.dll+0x7da48e]
V  [jvm.dll+0x7daaf3]
V  [jvm.dll+0x2455ff]
V  [jvm.dll+0x6749b9]
V  [jvm.dll+0x669382]
V  [jvm.dll+0x302e96]
V  [jvm.dll+0x30a416]
V  [jvm.dll+0x359cbe]
V  [jvm.dll+0x359eef]
V  [jvm.dll+0x2d9e88]
V  [jvm.dll+0x2dadf4]
V  [jvm.dll+0x7aa551]
V  [jvm.dll+0x367911]
V  [jvm.dll+0x789639]
V  [jvm.dll+0x3eb30f]
V  [jvm.dll+0x3ecd91]
C  [jli.dll+0x5297]
C  [ucrtbase.dll+0x21bb2]
C  [KERNEL32.DLL+0x17344]
C  [ntdll.dll+0x526b1]


---------------  P R O C E S S  ---------------

Threads class SMR info:
_java_thread_list=0x00007ffca4296a18, length=0, elements={
}

Java Threads: ( => current thread )

Other Threads:
  0x0000022d373c0690 GCTaskThread "GC Thread#0" [stack: 0x00000062b9400000,0x00000062b9500000] [id=16648]
  0x0000022d373c92b0 ConcurrentGCThread "G1 Main Marker" [stack: 0x00000062b9500000,0x00000062b9600000] [id=19880]
  0x0000022d373ca370 ConcurrentGCThread "G1 Conc#0" [stack: 0x00000062b9600000,0x00000062b9700000] [id=10196]

[error occurred during error reporting (printing all threads), id 0xc0000005, EXCEPTION_ACCESS_VIOLATION (0xc0000005) at pc=0x00007ffca3acaae7]

VM state: not at safepoint (not fully initialized)

VM Mutex/Monitor currently owned by a thread:  ([mutex/lock_event])
[0x0000022d3737dbd0] Heap_lock - owner thread: 0x0000022d37384c70

Heap address: 0x00000000c1200000, size: 1006 MB, Compressed Oops mode: 32-bit

CDS archive(s) mapped at: [0x0000000000000000-0x0000000000000000-0x0000000000000000), size 0, SharedBaseAddress: 0x0000000800000000, ArchiveRelocationMode: 1.
Narrow klass base: 0x0000000000000000, Narrow klass shift: 0, Narrow klass range: 0x0

GC Precious Log:
<Empty>

Heap:
 garbage-first heap   total 0K, used 0K [0x00000000c1200000, 0x0000000100000000)
  region size 1024K, 0 young (0K), 0 survivors (0K)

[error occurred during error reporting (printing heap information), id 0xc0000005, EXCEPTION_ACCESS_VIOLATION (0xc0000005) at pc=0x00007ffca3eb1249]

GC Heap History (0 events):
No events

Deoptimization events (0 events):
No events

Classes unloaded (0 events):
No events

Classes redefined (0 events):
No events

Internal exceptions (0 events):
No events

VM Operations (0 events):
No events

Events (1 events):
Event: 0.023 Loaded shared library C:\Program Files\Java\jdk-17\bin\java.dll


Dynamic libraries:
0x00007ff703070000 - 0x00007ff703080000 	C:\Program Files\Java\jdk-17\bin\java.exe
0x00007ffcde310000 - 0x00007ffcde508000 	C:\Windows\SYSTEM32\ntdll.dll
0x00007ffcdd600000 - 0x00007ffcdd6bd000 	C:\Windows\System32\KERNEL32.DLL
0x00007ffcdba10000 - 0x00007ffcdbd06000 	C:\Windows\System32\KERNELBASE.dll
0x00007ffcdbf10000 - 0x00007ffcdc010000 	C:\Windows\System32\ucrtbase.dll
0x00007ffcc3d70000 - 0x00007ffcc3d8b000 	C:\Program Files\Java\jdk-17\bin\VCRUNTIME140.dll
0x00007ffccae80000 - 0x00007ffccae99000 	C:\Program Files\Java\jdk-17\bin\jli.dll
0x00007ffcdd270000 - 0x00007ffcdd323000 	C:\Windows\System32\ADVAPI32.dll
0x00007ffcdd7a0000 - 0x00007ffcdd83e000 	C:\Windows\System32\msvcrt.dll
0x00007ffcdd1d0000 - 0x00007ffcdd26f000 	C:\Windows\System32\sechost.dll
0x00007ffcdc5c0000 - 0x00007ffcdc6e6000 	C:\Windows\System32\RPCRT4.dll
0x00007ffcdbee0000 - 0x00007ffcdbf07000 	C:\Windows\System32\bcrypt.dll
0x00007ffcde0d0000 - 0x00007ffcde26e000 	C:\Windows\System32\USER32.dll
0x00007ffcdb9e0000 - 0x00007ffcdba02000 	C:\Windows\System32\win32u.dll
0x00007ffcdd3a0000 - 0x00007ffcdd3cc000 	C:\Windows\System32\GDI32.dll
0x00007ffcdc150000 - 0x00007ffcdc26a000 	C:\Windows\System32\gdi32full.dll
0x00007ffcdc2c0000 - 0x00007ffcdc35d000 	C:\Windows\System32\msvcp_win.dll
0x00007ffcca2d0000 - 0x00007ffcca56a000 	C:\Windows\WinSxS\amd64_microsoft.windows.common-controls_6595b64144ccf1df_6.0.19041.3636_none_60b6a03d71f818d5\COMCTL32.dll
0x00007ffccf760000 - 0x00007ffccf76a000 	C:\Windows\SYSTEM32\VERSION.dll
0x00007ffcdd840000 - 0x00007ffcdd870000 	C:\Windows\System32\IMM32.DLL
0x00007ffccde50000 - 0x00007ffccde5c000 	C:\Program Files\Java\jdk-17\bin\vcruntime140_1.dll
0x00007ffcb4f50000 - 0x00007ffcb4fde000 	C:\Program Files\Java\jdk-17\bin\msvcp140.dll
0x00007ffca37e0000 - 0x00007ffca43bf000 	C:\Program Files\Java\jdk-17\bin\server\jvm.dll
0x00007ffcdc3d0000 - 0x00007ffcdc3d8000 	C:\Windows\System32\PSAPI.DLL
0x00007ffcc7c40000 - 0x00007ffcc7c67000 	C:\Windows\SYSTEM32\WINMM.dll
0x00007ffccbf10000 - 0x00007ffccbf19000 	C:\Windows\SYSTEM32\WSOCK32.dll
0x00007ffcdd870000 - 0x00007ffcdd8db000 	C:\Windows\System32\WS2_32.dll
0x00007ffcd9890000 - 0x00007ffcd98a2000 	C:\Windows\SYSTEM32\kernel.appcore.dll
0x00007ffccdc20000 - 0x00007ffccdc2a000 	C:\Program Files\Java\jdk-17\bin\jimage.dll
0x00007ffccccd0000 - 0x00007ffccceb4000 	C:\Windows\SYSTEM32\DBGHELP.DLL
0x00007ffcccc10000 - 0x00007ffcccc44000 	C:\Windows\SYSTEM32\dbgcore.DLL
0x00007ffcdc0c0000 - 0x00007ffcdc142000 	C:\Windows\System32\bcryptPrimitives.dll
0x00007ffcbfd60000 - 0x00007ffcbfd85000 	C:\Program Files\Java\jdk-17\bin\java.dll

dbghelp: loaded successfully - version: 4.0.5 - missing functions: none
symbol engine: initialized successfully - sym options: 0x614 - pdb path: .;C:\Program Files\Java\jdk-17\bin;C:\Windows\SYSTEM32;C:\Windows\WinSxS\amd64_microsoft.windows.common-controls_6595b64144ccf1df_6.0.19041.3636_none_60b6a03d71f818d5;C:\Program Files\Java\jdk-17\bin\server

VM Arguments:
jvm_args: -XX:+ShowCodeDetailsInExceptionMessages 
java_command: Deposit
java_class_path (initial): C:\Users\Acer\Desktop\JAVACODING\BankmangMent\bin;c:\Users\Acer\Desktop\JAVACODING\BankmangMent\lib\mysql-connector-java-8.0.28.jar;c:\Users\Acer\Desktop\JAVACODING\BankmangMent\lib\jcalendar-tz-1.3.3-4.jar
Launcher Type: SUN_STANDARD

[Global flags]
     intx CICompilerCount                          = 3                                         {product} {ergonomic}
     uint ConcGCThreads                            = 1                                         {product} {ergonomic}
     uint G1ConcRefinementThreads                  = 4                                         {product} {ergonomic}
   size_t G1HeapRegionSize                         = 1048576                                   {product} {ergonomic}
    uintx GCDrainStackTargetSize                   = 64                                        {product} {ergonomic}
   size_t InitialHeapSize                          = 67108864                                  {product} {ergonomic}
   size_t MarkStackSize                            = 4194304                                   {product} {ergonomic}
   size_t MaxHeapSize                              = 1054867456                                {product} {ergonomic}
   size_t MinHeapDeltaBytes                        = 1048576                                   {product} {ergonomic}
   size_t MinHeapSize                              = 8388608                                   {product} {ergonomic}
    uintx NonNMethodCodeHeapSize                   = 5832780                                {pd product} {ergonomic}
    uintx NonProfiledCodeHeapSize                  = 122912730                              {pd product} {ergonomic}
    uintx ProfiledCodeHeapSize                     = 122912730                              {pd product} {ergonomic}
    uintx ReservedCodeCacheSize                    = 251658240                              {pd product} {ergonomic}
     bool SegmentedCodeCache                       = true                                      {product} {ergonomic}
     bool ShowCodeDetailsInExceptionMessages       = true                                   {manageable} {command line}
   size_t SoftMaxHeapSize                          = 1054867456                             {manageable} {ergonomic}
     bool UseCompressedClassPointers               = true                           {product lp64_product} {ergonomic}
     bool UseCompressedOops                        = true                           {product lp64_product} {ergonomic}
     bool UseG1GC                                  = true                                      {product} {ergonomic}
     bool UseLargePagesIndividualAllocation        = false                                  {pd product} {ergonomic}

Logging:
Log output configuration:
 #0: stdout all=warning uptime,level,tags
 #1: stderr all=off uptime,level,tags

Environment Variables:
JAVA_HOME=C:\Program Files\Java\jdk-17
PATH=C:\Program Files\Common Files\Oracle\Java\javapath;C:\Windows\system32;C:\Windows;C:\Windows\System32\Wbem;C:\Windows\System32\WindowsPowerShell\v1.0\;C:\Windows\System32\OpenSSH\;C:\Program Files\Git\cmd;C:\Program Files\Java\jdk-17\bin;C:\Program Files\MySQL\MySQL Shell 8.0\bin\;C:\Users\Acer\AppData\Local\Programs\Python\Python311\Scripts\;C:\Users\Acer\AppData\Local\Programs\Python\Python311\;C:\Users\Acer\AppData\Local\Microsoft\WindowsApps;;C:\Users\Acer\AppData\Local\Programs\Microsoft VS Code\bin;C:\Program Files\JetBrains\PyCharm 2023.1.2\bin;
USERNAME=Acer
LANG=en_US.UTF-8
OS=Windows_NT
PROCESSOR_IDENTIFIER=Intel64 Family 6 Model 61 Stepping 4, GenuineIntel



---------------  S Y S T E M  ---------------

OS:
 Windows 10 , 64 bit Build 19041 (10.0.19041.3636)
OS uptime: 1 days 0:27 hours

CPU: total 4 (initial active 4) (2 cores per cpu, 2 threads per core) family 6 model 61 stepping 4 microcode 0x2d, cx8, cmov, fxsr, ht, mmx, 3dnowpref, sse, sse2, sse3, ssse3, sse4.1, sse4.2, popcnt, lzcnt, tsc, tscinvbit, avx, avx2, aes, erms, clmul, bmi1, bmi2, adx, fma, vzeroupper, clflush

Memory: 4k page, system-wide physical 4016M (369M free)
TotalPageFile size 16304M (AvailPageFile size 8M)
current process WorkingSet (physical memory assigned to process): 10M, peak: 10M
current process commit charge ("private bytes"): 51M, peak: 115M

vm_info: Java HotSpot(TM) 64-Bit Server VM (17.0.10+11-LTS-240) for windows-amd64 JRE (17.0.10+11-LTS-240), built on Dec 19 2023 21:47:25 by "mach5one" with MS VC++ 17.1 (VS2022)

END.
