#
# There is insufficient memory for the Java Runtime Environment to continue.
# Native memory allocation (mmap) failed to map 67108864 bytes for G1 virtual space
# Possible reasons:
#   The system is out of physical RAM or swap space
#   The process is running with CompressedOops enabled, and the Java Heap may be blocking the growth of the native heap
# Possible solutions:
#   Reduce memory load on the system
#   Increase physical memory or swap space
#   Check if swap backing store is full
#   Decrease Java heap size (-Xmx/-Xms)
#   Decrease number of Java threads
#   Decrease Java thread stack sizes (-Xss)
#   Set larger code cache with -XX:ReservedCodeCacheSize=
#   JVM is running with Unscaled Compressed Oops mode in which the Java heap is
#     placed in the first 4GB address space. The Java Heap base address is the
#     maximum limit for the native heap growth. Please use -XX:HeapBaseMinAddress
#     to set the Java Heap base and to place the Java Heap above 4GB virtual address.
# This output file may be truncated or incomplete.
#
#  Out of Memory Error (os_windows.cpp:3548), pid=20028, tid=3384
#
# JRE version:  (17.0.10+11) (build )
# Java VM: Java HotSpot(TM) 64-Bit Server VM (17.0.10+11-LTS-240, mixed mode, sharing, tiered, compressed oops, compressed class ptrs, g1 gc, windows-amd64)
# No core dump will be written. Minidumps are not enabled by default on client versions of Windows
#

---------------  S U M M A R Y ------------

Command Line: -XX:+ShowCodeDetailsInExceptionMessages Login

Host: Intel(R) Core(TM) i3-5005U CPU @ 2.00GHz, 4 cores, 3G,  Windows 10 , 64 bit Build 19041 (10.0.19041.3636)
Time: Fri Feb  9 17:51:21 2024 Bangladesh Standard Time elapsed time: 0.032070 seconds (0d 0h 0m 0s)

---------------  T H R E A D  ---------------

Current thread (0x00000171f1741ad0):  JavaThread "Unknown thread" [_thread_in_vm, id=3384, stack(0x0000002f0af00000,0x0000002f0b000000)]

Stack: [0x0000002f0af00000,0x0000002f0b000000]
Native frames: (J=compiled Java code, j=interpreted, Vv=VM code, C=native code)
V  [jvm.dll+0x677a5a]
V  [jvm.dll+0x7d8b2d]
V  [jvm.dll+0x7da48e]
V  [jvm.dll+0x7daaf3]
V  [jvm.dll+0x2455ff]
V  [jvm.dll+0x6749b9]
V  [jvm.dll+0x669382]
V  [jvm.dll+0x302e96]
V  [jvm.dll+0x30a416]
V  [jvm.dll+0x359cbe]
V  [jvm.dll+0x359eef]
V  [jvm.dll+0x2d9e88]
V  [jvm.dll+0x2dadf4]
V  [jvm.dll+0x7aa551]
V  [jvm.dll+0x367911]
V  [jvm.dll+0x789639]
V  [jvm.dll+0x3eb30f]
V  [jvm.dll+0x3ecd91]
C  [jli.dll+0x5297]
C  [ucrtbase.dll+0x21bb2]
C  [KERNEL32.DLL+0x17344]
C  [ntdll.dll+0x526b1]


---------------  P R O C E S S  ---------------

Threads class SMR info:
_java_thread_list=0x00007ffe83676a18, length=0, elements={
}

Java Threads: ( => current thread )

Other Threads:
  0x00000171f177f870 GCTaskThread "GC Thread#0" [stack: 0x0000002f0b000000,0x0000002f0b100000] [id=20908]
  0x00000171f1788490 ConcurrentGCThread "G1 Main Marker" [stack: 0x0000002f0b100000,0x0000002f0b200000] [id=21872]
  0x00000171f1789550 ConcurrentGCThread "G1 Conc#0" [stack: 0x0000002f0b200000,0x0000002f0b300000] [id=14384]

[error occurred during error reporting (printing all threads), id 0xc0000005, EXCEPTION_ACCESS_VIOLATION (0xc0000005) at pc=0x00007ffe82eaaae7]

VM state: not at safepoint (not fully initialized)

VM Mutex/Monitor currently owned by a thread:  ([mutex/lock_event])
[0x00000171f173df50] Heap_lock - owner thread: 0x00000171f1741ad0

Heap address: 0x00000000c1200000, size: 1006 MB, Compressed Oops mode: 32-bit

CDS archive(s) mapped at: [0x0000000000000000-0x0000000000000000-0x0000000000000000), size 0, SharedBaseAddress: 0x0000000800000000, ArchiveRelocationMode: 1.
Narrow klass base: 0x0000000000000000, Narrow klass shift: 0, Narrow klass range: 0x0

GC Precious Log:
<Empty>

Heap:
 garbage-first heap   total 0K, used 0K [0x00000000c1200000, 0x0000000100000000)
  region size 1024K, 0 young (0K), 0 survivors (0K)

[error occurred during error reporting (printing heap information), id 0xc0000005, EXCEPTION_ACCESS_VIOLATION (0xc0000005) at pc=0x00007ffe83291249]

GC Heap History (0 events):
No events

Deoptimization events (0 events):
No events

Classes unloaded (0 events):
No events

Classes redefined (0 events):
No events

Internal exceptions (0 events):
No events

VM Operations (0 events):
No events

Events (1 events):
Event: 0.020 Loaded shared library C:\Program Files\Java\jdk-17\bin\java.dll


Dynamic libraries:
0x00007ff7f4410000 - 0x00007ff7f4420000 	C:\Program Files\Java\jdk-17\bin\java.exe
0x00007fff0e850000 - 0x00007fff0ea48000 	C:\Windows\SYSTEM32\ntdll.dll
0x00007fff0e5d0000 - 0x00007fff0e68d000 	C:\Windows\System32\KERNEL32.DLL
0x00007fff0c480000 - 0x00007fff0c776000 	C:\Windows\System32\KERNELBASE.dll
0x00007fff0c380000 - 0x00007fff0c480000 	C:\Windows\System32\ucrtbase.dll
0x00007ffef59f0000 - 0x00007ffef5a0b000 	C:\Program Files\Java\jdk-17\bin\VCRUNTIME140.dll
0x00007ffef4090000 - 0x00007ffef40a9000 	C:\Program Files\Java\jdk-17\bin\jli.dll
0x00007fff0e480000 - 0x00007fff0e533000 	C:\Windows\System32\ADVAPI32.dll
0x00007fff0cb00000 - 0x00007fff0cb9e000 	C:\Windows\System32\msvcrt.dll
0x00007fff0e6b0000 - 0x00007fff0e74f000 	C:\Windows\System32\sechost.dll
0x00007fff0cf00000 - 0x00007fff0d026000 	C:\Windows\System32\RPCRT4.dll
0x00007fff0c820000 - 0x00007fff0c847000 	C:\Windows\System32\bcrypt.dll
0x00007fff0cd50000 - 0x00007fff0ceee000 	C:\Windows\System32\USER32.dll
0x00007fff0c350000 - 0x00007fff0c372000 	C:\Windows\System32\win32u.dll
0x00007fff0df60000 - 0x00007fff0df8c000 	C:\Windows\System32\GDI32.dll
0x00007fff0c110000 - 0x00007fff0c22a000 	C:\Windows\System32\gdi32full.dll
0x00007fff0c780000 - 0x00007fff0c81d000 	C:\Windows\System32\msvcp_win.dll
0x00007ffefc420000 - 0x00007ffefc6ba000 	C:\Windows\WinSxS\amd64_microsoft.windows.common-controls_6595b64144ccf1df_6.0.19041.3636_none_60b6a03d71f818d5\COMCTL32.dll
0x00007ffefe1e0000 - 0x00007ffefe1ea000 	C:\Windows\SYSTEM32\VERSION.dll
0x00007fff0cd20000 - 0x00007fff0cd50000 	C:\Windows\System32\IMM32.DLL
0x00007ffef7460000 - 0x00007ffef746c000 	C:\Program Files\Java\jdk-17\bin\vcruntime140_1.dll
0x00007ffee7580000 - 0x00007ffee760e000 	C:\Program Files\Java\jdk-17\bin\msvcp140.dll
0x00007ffe82bc0000 - 0x00007ffe8379f000 	C:\Program Files\Java\jdk-17\bin\server\jvm.dll
0x00007fff0ddb0000 - 0x00007fff0ddb8000 	C:\Windows\System32\PSAPI.DLL
0x00007fff009d0000 - 0x00007fff009d9000 	C:\Windows\SYSTEM32\WSOCK32.dll
0x00007fff0dd40000 - 0x00007fff0ddab000 	C:\Windows\System32\WS2_32.dll
0x00007ffef6ad0000 - 0x00007ffef6af7000 	C:\Windows\SYSTEM32\WINMM.dll
0x00007fff09dd0000 - 0x00007fff09de2000 	C:\Windows\SYSTEM32\kernel.appcore.dll
0x00007ffef7230000 - 0x00007ffef723a000 	C:\Program Files\Java\jdk-17\bin\jimage.dll
0x00007ffef5580000 - 0x00007ffef5764000 	C:\Windows\SYSTEM32\DBGHELP.DLL
0x00007ffef5540000 - 0x00007ffef5574000 	C:\Windows\SYSTEM32\dbgcore.DLL
0x00007fff0c080000 - 0x00007fff0c102000 	C:\Windows\System32\bcryptPrimitives.dll
0x00007ffef3cd0000 - 0x00007ffef3cf5000 	C:\Program Files\Java\jdk-17\bin\java.dll

dbghelp: loaded successfully - version: 4.0.5 - missing functions: none
symbol engine: initialized successfully - sym options: 0x614 - pdb path: .;C:\Program Files\Java\jdk-17\bin;C:\Windows\SYSTEM32;C:\Windows\WinSxS\amd64_microsoft.windows.common-controls_6595b64144ccf1df_6.0.19041.3636_none_60b6a03d71f818d5;C:\Program Files\Java\jdk-17\bin\server

VM Arguments:
jvm_args: -XX:+ShowCodeDetailsInExceptionMessages 
java_command: Login
java_class_path (initial): C:\Users\Acer\Desktop\JAVACODING\BankmangMent\bin
Launcher Type: SUN_STANDARD

[Global flags]
     intx CICompilerCount                          = 3                                         {product} {ergonomic}
     uint ConcGCThreads                            = 1                                         {product} {ergonomic}
     uint G1ConcRefinementThreads                  = 4                                         {product} {ergonomic}
   size_t G1HeapRegionSize                         = 1048576                                   {product} {ergonomic}
    uintx GCDrainStackTargetSize                   = 64                                        {product} {ergonomic}
   size_t InitialHeapSize                          = 67108864                                  {product} {ergonomic}
   size_t MarkStackSize                            = 4194304                                   {product} {ergonomic}
   size_t MaxHeapSize                              = 1054867456                                {product} {ergonomic}
   size_t MinHeapDeltaBytes                        = 1048576                                   {product} {ergonomic}
   size_t MinHeapSize                              = 8388608                                   {product} {ergonomic}
    uintx NonNMethodCodeHeapSize                   = 5832780                                {pd product} {ergonomic}
    uintx NonProfiledCodeHeapSize                  = 122912730                              {pd product} {ergonomic}
    uintx ProfiledCodeHeapSize                     = 122912730                              {pd product} {ergonomic}
    uintx ReservedCodeCacheSize                    = 251658240                              {pd product} {ergonomic}
     bool SegmentedCodeCache                       = true                                      {product} {ergonomic}
     bool ShowCodeDetailsInExceptionMessages       = true                                   {manageable} {command line}
   size_t SoftMaxHeapSize                          = 1054867456                             {manageable} {ergonomic}
     bool UseCompressedClassPointers               = true                           {product lp64_product} {ergonomic}
     bool UseCompressedOops                        = true                           {product lp64_product} {ergonomic}
     bool UseG1GC                                  = true                                      {product} {ergonomic}
     bool UseLargePagesIndividualAllocation        = false                                  {pd product} {ergonomic}

Logging:
Log output configuration:
 #0: stdout all=warning uptime,level,tags
 #1: stderr all=off uptime,level,tags

Environment Variables:
JAVA_HOME=C:\Program Files\Java\jdk-17
PATH=C:\Program Files\Common Files\Oracle\Java\javapath;C:\Windows\system32;C:\Windows;C:\Windows\System32\Wbem;C:\Windows\System32\WindowsPowerShell\v1.0\;C:\Windows\System32\OpenSSH\;C:\Program Files\Git\cmd;C:\Program Files\Java\jdk-17\bin;C:\Users\Acer\AppData\Local\Programs\Python\Python311\Scripts\;C:\Users\Acer\AppData\Local\Programs\Python\Python311\;C:\Users\Acer\AppData\Local\Microsoft\WindowsApps;;C:\Users\Acer\AppData\Local\Programs\Microsoft VS Code\bin;C:\Program Files\JetBrains\PyCharm 2023.1.2\bin;
USERNAME=Acer
LANG=en_US.UTF-8
OS=Windows_NT
PROCESSOR_IDENTIFIER=Intel64 Family 6 Model 61 Stepping 4, GenuineIntel



---------------  S Y S T E M  ---------------

OS:
 Windows 10 , 64 bit Build 19041 (10.0.19041.3636)
OS uptime: 19 days 18:32 hours

CPU: total 4 (initial active 4) (2 cores per cpu, 2 threads per core) family 6 model 61 stepping 4 microcode 0x2d, cx8, cmov, fxsr, ht, mmx, 3dnowpref, sse, sse2, sse3, ssse3, sse4.1, sse4.2, popcnt, lzcnt, tsc, tscinvbit, avx, avx2, aes, erms, clmul, bmi1, bmi2, adx, fma, vzeroupper, clflush

Memory: 4k page, system-wide physical 4016M (297M free)
TotalPageFile size 16304M (AvailPageFile size 26M)
current process WorkingSet (physical memory assigned to process): 10M, peak: 10M
current process commit charge ("private bytes"): 51M, peak: 115M

vm_info: Java HotSpot(TM) 64-Bit Server VM (17.0.10+11-LTS-240) for windows-amd64 JRE (17.0.10+11-LTS-240), built on Dec 19 2023 21:47:25 by "mach5one" with MS VC++ 17.1 (VS2022)

END.
